<?xml version="1.0" encoding="UTF-8"?>
<!-- Generated by org.testng.reporters.JUnitReportReporter -->
<testsuite skipped="0" hostname="IBM944-PC0GK400" name="com.training.sanity.tests.ReturnMultipleProducts_UNF_075" tests="4" failures="0" timestamp="08 Mar 2019 08:37:03 GMT" time="114.422" errors="0">
  <testcase name="loginDBTest" time="26.099" classname="com.training.sanity.tests.ReturnMultipleProducts_UNF_075"/>
  <testcase name="loginDBTest" time="29.589" classname="com.training.sanity.tests.ReturnMultipleProducts_UNF_075"/>
  <testcase name="loginDBTest" time="28.344" classname="com.training.sanity.tests.ReturnMultipleProducts_UNF_075"/>
  <testcase name="loginDBTest" time="30.390" classname="com.training.sanity.tests.ReturnMultipleProducts_UNF_075"/>
</testsuite> <!-- com.training.sanity.tests.ReturnMultipleProducts_UNF_075 -->
