<?xml version="1.0" encoding="UTF-8"?>
<!-- Generated by org.testng.reporters.JUnitReportReporter -->
<testsuite skipped="0" hostname="IBM944-PC0GK400" name="com.training.sanity.tests.UNF_011" tests="1" failures="0" timestamp="18 Feb 2019 11:29:49 GMT" time="17.311" errors="0">
  <testcase name="f" time="17.311" classname="com.training.sanity.tests.UNF_011"/>
</testsuite> <!-- com.training.sanity.tests.UNF_011 -->
