<?xml version="1.0" encoding="UTF-8"?>
<!-- Generated by org.testng.reporters.JUnitReportReporter -->
<testsuite skipped="0" hostname="IBM944-PC0GK400" name="com.training.sanity.tests.UNF_015" tests="1" failures="0" timestamp="18 Feb 2019 11:27:31 GMT" time="18.103" errors="0">
  <testcase name="f" time="18.103" classname="com.training.sanity.tests.UNF_015"/>
</testsuite> <!-- com.training.sanity.tests.UNF_015 -->
