<?xml version="1.0" encoding="UTF-8"?>
<!-- Generated by org.testng.reporters.JUnitReportReporter -->
<testsuite skipped="0" hostname="IBM944-PC0GK400" name="com.training.sanity.tests.UNF_043" tests="1" failures="0" timestamp="28 Feb 2019 12:43:28 GMT" time="47.360" errors="0">
  <testcase name="validLoginTest" time="47.360" classname="com.training.sanity.tests.UNF_043"/>
</testsuite> <!-- com.training.sanity.tests.UNF_043 -->
