<?xml version="1.0" encoding="UTF-8"?>
<!-- Generated by org.testng.reporters.JUnitReportReporter -->
<testsuite skipped="0" hostname="IBM944-PC0GK400" name="com.training.sanity.tests.UNF_011" tests="1" failures="0" timestamp="27 Feb 2019 12:54:53 GMT" time="21.072" errors="0">
  <testcase name="f" time="21.072" classname="com.training.sanity.tests.UNF_011"/>
</testsuite> <!-- com.training.sanity.tests.UNF_011 -->
