<?xml version="1.0" encoding="UTF-8"?>
<!-- Generated by org.testng.reporters.JUnitReportReporter -->
<testsuite skipped="0" hostname="IBM944-PC0GK400" name="com.training.sanity.tests.AddProductinDB_UNF_073" tests="1" failures="0" timestamp="08 Mar 2019 16:40:28 GMT" time="28.998" errors="0">
  <testcase name="loginDBTest" time="28.998" classname="com.training.sanity.tests.AddProductinDB_UNF_073"/>
</testsuite> <!-- com.training.sanity.tests.AddProductinDB_UNF_073 -->
