<?xml version="1.0" encoding="UTF-8"?>
<!-- Generated by org.testng.reporters.JUnitReportReporter -->
<testsuite skipped="0" hostname="IBM944-PC0GK400" name="com.training.sanity.tests.UNF_045" tests="1" failures="0" timestamp="01 Mar 2019 07:23:34 GMT" time="23.872" errors="0">
  <testcase name="validLoginTest" time="23.872" classname="com.training.sanity.tests.UNF_045"/>
</testsuite> <!-- com.training.sanity.tests.UNF_045 -->
