<?xml version="1.0" encoding="UTF-8"?>
<!-- Generated by org.testng.reporters.JUnitReportReporter -->
<testsuite skipped="0" hostname="IBM944-PC0GK400" name="com.training.sanity.tests.UNF_012" tests="1" failures="0" timestamp="16 Feb 2019 14:59:15 GMT" time="19.440" errors="0">
  <testcase name="f" time="19.440" classname="com.training.sanity.tests.UNF_012"/>
</testsuite> <!-- com.training.sanity.tests.UNF_012 -->
