<?xml version="1.0" encoding="UTF-8"?>
<!-- Generated by org.testng.reporters.JUnitReportReporter -->
<testsuite skipped="0" hostname="IBM944-PC0GK400" name="com.training.sanity.tests.PlaceCompleteOrder_UNF_074" tests="3" failures="0" timestamp="08 Mar 2019 13:50:53 GMT" time="88.953" errors="0">
  <testcase name="validLoginTest" time="49.272" classname="com.training.sanity.tests.PlaceCompleteOrder_UNF_074"/>
  <testcase name="validLoginTest1" time="18.664" classname="com.training.sanity.tests.PlaceCompleteOrder_UNF_074"/>
  <testcase name="validLoginTest2" time="21.017" classname="com.training.sanity.tests.PlaceCompleteOrder_UNF_074"/>
</testsuite> <!-- com.training.sanity.tests.PlaceCompleteOrder_UNF_074 -->
