<?xml version="1.0" encoding="UTF-8"?>
<!-- Generated by org.testng.reporters.JUnitReportReporter -->
<testsuite skipped="0" hostname="IBM944-PC0GK400" name="com.training.sanity.tests.AddMultipleProducts_UNF_071" tests="5" failures="0" timestamp="07 Mar 2019 21:45:48 GMT" time="45.425" errors="0">
  <testcase name="loginTest" time="2.640" classname="com.training.sanity.tests.AddMultipleProducts_UNF_071"/>
  <testcase name="loginDBTest" time="9.830" classname="com.training.sanity.tests.AddMultipleProducts_UNF_071"/>
  <testcase name="loginDBTest" time="12.935" classname="com.training.sanity.tests.AddMultipleProducts_UNF_071"/>
  <testcase name="loginDBTest" time="11.058" classname="com.training.sanity.tests.AddMultipleProducts_UNF_071"/>
  <testcase name="loginDBTest" time="8.962" classname="com.training.sanity.tests.AddMultipleProducts_UNF_071"/>
</testsuite> <!-- com.training.sanity.tests.AddMultipleProducts_UNF_071 -->
