<?xml version="1.0" encoding="UTF-8"?>
<!-- Generated by org.testng.reporters.JUnitReportReporter -->
<testsuite skipped="0" hostname="IBM944-PC0GK400" name="com.training.sanity.tests.InvalidDetailsAddProduct_UNF_072" tests="4" failures="0" timestamp="08 Mar 2019 04:54:10 GMT" time="20.480" errors="0">
  <testcase name="loginTest" time="3.030" classname="com.training.sanity.tests.InvalidDetailsAddProduct_UNF_072"/>
  <testcase name="loginDBTest" time="5.685" classname="com.training.sanity.tests.InvalidDetailsAddProduct_UNF_072"/>
  <testcase name="loginDBTest" time="5.702" classname="com.training.sanity.tests.InvalidDetailsAddProduct_UNF_072"/>
  <testcase name="loginDBTest" time="6.063" classname="com.training.sanity.tests.InvalidDetailsAddProduct_UNF_072"/>
</testsuite> <!-- com.training.sanity.tests.InvalidDetailsAddProduct_UNF_072 -->
