<?xml version="1.0" encoding="UTF-8"?>
<!-- Generated by org.testng.reporters.JUnitReportReporter -->
<testsuite skipped="0" hostname="IBM944-PC0GK400" name="com.training.sanity.tests.UNF_042" tests="1" failures="0" timestamp="28 Feb 2019 12:42:02 GMT" time="40.992" errors="0">
  <testcase name="validLoginTest" time="40.992" classname="com.training.sanity.tests.UNF_042"/>
</testsuite> <!-- com.training.sanity.tests.UNF_042 -->
