<?xml version="1.0" encoding="UTF-8"?>
<!-- Generated by org.testng.reporters.JUnitReportReporter -->
<testsuite skipped="0" hostname="IBM944-PC0GK400" name="com.training.sanity.tests.UNF_044" tests="1" failures="0" timestamp="28 Feb 2019 15:28:24 GMT" time="24.175" errors="0">
  <testcase name="validLoginTest" time="24.175" classname="com.training.sanity.tests.UNF_044"/>
</testsuite> <!-- com.training.sanity.tests.UNF_044 -->
