<?xml version="1.0" encoding="UTF-8"?>
<!-- Generated by org.testng.reporters.JUnitReportReporter -->
<testsuite skipped="0" hostname="IBM944-PC0GK400" name="com.training.sanity.tests.UNF_014" tests="1" failures="0" timestamp="16 Feb 2019 10:27:25 GMT" time="29.580" errors="0">
  <testcase name="f" time="29.580" classname="com.training.sanity.tests.UNF_014"/>
</testsuite> <!-- com.training.sanity.tests.UNF_014 -->
