<?xml version="1.0" encoding="UTF-8"?>
<!-- Generated by org.testng.reporters.JUnitReportReporter -->
<testsuite skipped="0" hostname="IBM944-PC0GK400" name="com.training.sanity.tests.UNF_013" tests="1" failures="0" timestamp="18 Feb 2019 11:26:00 GMT" time="19.037" errors="0">
  <testcase name="f" time="19.037" classname="com.training.sanity.tests.UNF_013"/>
</testsuite> <!-- com.training.sanity.tests.UNF_013 -->
