<?xml version="1.0" encoding="UTF-8"?>
<!-- Generated by org.testng.reporters.JUnitReportReporter -->
<testsuite skipped="0" hostname="IBM944-PC0GK400" name="com.training.sanity.tests.UNF_041" tests="1" failures="0" timestamp="28 Feb 2019 12:59:26 GMT" time="29.221" errors="0">
  <testcase name="f" time="29.221" classname="com.training.sanity.tests.UNF_041"/>
</testsuite> <!-- com.training.sanity.tests.UNF_041 -->
